[debug] [2020-07-11T15:34:24.808Z] ----------------------------------------------------------------------
[debug] [2020-07-11T15:34:24.811Z] Command:       C:\Program Files\nodejs\node.exe C:\Users\Malik Mobeen\AppData\Roaming\npm\node_modules\firebase-tools\lib\bin\firebase.js init
[debug] [2020-07-11T15:34:24.811Z] CLI Version:   8.4.1
[debug] [2020-07-11T15:34:24.812Z] Platform:      win32
[debug] [2020-07-11T15:34:24.812Z] Node Version:  v12.16.3
[debug] [2020-07-11T15:34:24.814Z] Time:          Sat Jul 11 2020 20:34:24 GMT+0500 (Pakistan Standard Time)
[debug] [2020-07-11T15:34:24.814Z] ----------------------------------------------------------------------
[debug] [2020-07-11T15:34:24.814Z] 
[debug] [2020-07-11T15:34:24.828Z] > command requires scopes: ["email","openid","https://www.googleapis.com/auth/cloudplatformprojects.readonly","https://www.googleapis.com/auth/firebase","https://www.googleapis.com/auth/cloud-platform"]
[debug] [2020-07-11T15:34:24.829Z] > authorizing via signed-in user
[info] 
     ######## #### ########  ######## ########     ###     ######  ########
     ##        ##  ##     ## ##       ##     ##  ##   ##  ##       ##
     ######    ##  ########  ######   ########  #########  ######  ######
     ##        ##  ##    ##  ##       ##     ## ##     ##       ## ##
     ##       #### ##     ## ######## ########  ##     ##  ######  ########

You're about to initialize a Firebase project in this directory:

  C:\Users\Malik Mobeen

Before we get started, keep in mind:

  * You are initializing in an existing Firebase project directory

[info] 
=== Project Setup
[info] 
[info] First, let's associate this project directory with a Firebase project.
[info] You can create multiple project aliases by running firebase use --add, 
[info] but for now we'll just set up a default project.
[info] 
[info] i  .firebaserc already has a default project, using malik-calculator. 
[debug] [2020-07-11T15:34:28.632Z] >>> HTTP REQUEST GET https://firebase.googleapis.com/v1beta1/projects/malik-calculator  
 
[debug] [2020-07-11T15:34:29.369Z] <<< HTTP RESPONSE 200 {"content-type":"application/json; charset=UTF-8","vary":"X-Origin, Referer, Origin,Accept-Encoding","date":"Sat, 11 Jul 2020 15:34:31 GMT","server":"ESF","cache-control":"private","x-xss-protection":"0","x-frame-options":"SAMEORIGIN","x-content-type-options":"nosniff","alt-svc":"h3-29=\":443\"; ma=2592000,h3-27=\":443\"; ma=2592000,h3-25=\":443\"; ma=2592000,h3-T050=\":443\"; ma=2592000,h3-Q050=\":443\"; ma=2592000,h3-Q046=\":443\"; ma=2592000,h3-Q043=\":443\"; ma=2592000,quic=\":443\"; ma=2592000; v=\"46,43\"","accept-ranges":"none","transfer-encoding":"chunked"}
[info] 
=== Hosting Setup
[info] 
[info] Your public directory is the folder (relative to your project directory) that
[info] will contain Hosting assets to be uploaded with firebase deploy. If you
[info] have a build process for your assets, use your build's output directory.
[info] 
[debug] [2020-07-11T15:35:21.404Z] ----------------------------------------------------------------------
[debug] [2020-07-11T15:35:21.407Z] Command:       C:\Program Files\nodejs\node.exe C:\Users\Malik Mobeen\AppData\Roaming\npm\node_modules\firebase-tools\lib\bin\firebase.js init
[debug] [2020-07-11T15:35:21.408Z] CLI Version:   8.4.1
[debug] [2020-07-11T15:35:21.408Z] Platform:      win32
[debug] [2020-07-11T15:35:21.408Z] Node Version:  v12.16.3
[debug] [2020-07-11T15:35:21.410Z] Time:          Sat Jul 11 2020 20:35:21 GMT+0500 (Pakistan Standard Time)
[debug] [2020-07-11T15:35:21.410Z] ----------------------------------------------------------------------
[debug] [2020-07-11T15:35:21.410Z] 
[debug] [2020-07-11T15:35:21.424Z] > command requires scopes: ["email","openid","https://www.googleapis.com/auth/cloudplatformprojects.readonly","https://www.googleapis.com/auth/firebase","https://www.googleapis.com/auth/cloud-platform"]
[debug] [2020-07-11T15:35:21.425Z] > authorizing via signed-in user
[info] 
     ######## #### ########  ######## ########     ###     ######  ########
     ##        ##  ##     ## ##       ##     ##  ##   ##  ##       ##
     ######    ##  ########  ######   ########  #########  ######  ######
     ##        ##  ##    ##  ##       ##     ## ##     ##       ## ##
     ##       #### ##     ## ######## ########  ##     ##  ######  ########

You're about to initialize a Firebase project in this directory:

  C:\Users\Malik Mobeen

Before we get started, keep in mind:

  * You are initializing in an existing Firebase project directory

[info] 
=== Project Setup
[info] 
[info] First, let's associate this project directory with a Firebase project.
[info] You can create multiple project aliases by running firebase use --add, 
[info] but for now we'll just set up a default project.
[info] 
[info] i  .firebaserc already has a default project, using malik-calculator. 
[debug] [2020-07-11T15:35:29.356Z] >>> HTTP REQUEST GET https://firebase.googleapis.com/v1beta1/projects/malik-calculator  
 
[debug] [2020-07-11T15:35:30.118Z] <<< HTTP RESPONSE 200 {"content-type":"application/json; charset=UTF-8","vary":"X-Origin, Referer, Origin,Accept-Encoding","date":"Sat, 11 Jul 2020 15:35:31 GMT","server":"ESF","cache-control":"private","x-xss-protection":"0","x-frame-options":"SAMEORIGIN","x-content-type-options":"nosniff","alt-svc":"h3-29=\":443\"; ma=2592000,h3-27=\":443\"; ma=2592000,h3-25=\":443\"; ma=2592000,h3-T050=\":443\"; ma=2592000,h3-Q050=\":443\"; ma=2592000,h3-Q046=\":443\"; ma=2592000,h3-Q043=\":443\"; ma=2592000,quic=\":443\"; ma=2592000; v=\"46,43\"","accept-ranges":"none","transfer-encoding":"chunked"}
[info] 
=== Hosting Setup
[info] 
[info] Your public directory is the folder (relative to your project directory) that
[info] will contain Hosting assets to be uploaded with firebase deploy. If you
[info] have a build process for your assets, use your build's output directory.
[info] 
